<?xml version="1.0" encoding="UTF-8"?>
<testsuite xmlns:xsi="http://www.w3.org/2001/XMLSchema-instance" xsi:noNamespaceSchemaLocation="https://maven.apache.org/surefire/maven-surefire-plugin/xsd/surefire-test-report-3.0.xsd" version="3.0" name="CalculatorTest" time="0.06" tests="11" errors="0" skipped="0" failures="0">
  <properties>
[...]
</properties>
  <testcase name="testAddPerformance" classname="CalculatorTest" time="0.023">
    <system-out><![CDATA[Add performance test took: 2700 nanoseconds
]]></system-out>
  </testcase>
  <testcase name="testAddThenDivide" classname="CalculatorTest" time="0.002"/>
  <testcase name="testAdd" classname="CalculatorTest" time="0.001"/>
  <testcase name="testAddThenMultiply" classname="CalculatorTest" time="0.001"/>
  <testcase name="testSubtract" classname="CalculatorTest" time="0.001"/>
  <testcase name="testMultiplyWithLargeValues" classname="CalculatorTest" time="0.002"/>
  <testcase name="testMultiplyPerformance" classname="CalculatorTest" time="0.001">
    <system-out><![CDATA[Multiplication caused overflow: Multiplication result overflow.
Multiply performance test took: 369300 nanoseconds
]]></system-out>
  </testcase>
  <testcase name="testDivideThenSubtract" classname="CalculatorTest" time="0.0"/>
  <testcase name="testDivide" classname="CalculatorTest" time="0.001"/>
  <testcase name="testMultiply" classname="CalculatorTest" time="0.001"/>
  <testcase name="testMultiplyThenSubtractWithNegativeValues" classname="CalculatorTest" time="0.0"/>
</testsuite>